[0331/150250.193:ERROR:process_reader_win.cc(123)] NtOpenThread: {Access Denied} A process has requested access to an object, but has not been granted those access rights. (0xc0000022)
[0331/150250.302:ERROR:exception_snapshot_win.cc(98)] thread ID 4584 not found in process
[0405/215807.872:ERROR:process_reader_win.cc(123)] NtOpenThread: {Access Denied} A process has requested access to an object, but has not been granted those access rights. (0xc0000022)
[0405/215808.075:ERROR:exception_snapshot_win.cc(98)] thread ID 3608 not found in process
[0405/215808.559:ERROR:process_reader_win.cc(151)] SuspendThread: Access is denied. (0x5)
[0405/215808.559:ERROR:process_reader_win.cc(151)] SuspendThread: Access is denied. (0x5)
[0405/215808.559:ERROR:process_reader_win.cc(151)] SuspendThread: Access is denied. (0x5)
[0405/215808.575:ERROR:process_reader_win.cc(151)] SuspendThread: Access is denied. (0x5)
[0405/215808.575:ERROR:process_reader_win.cc(151)] SuspendThread: Access is denied. (0x5)
[0405/215808.575:ERROR:process_reader_win.cc(151)] SuspendThread: Access is denied. (0x5)
[0405/215808.575:ERROR:process_reader_win.cc(151)] SuspendThread: Access is denied. (0x5)
[0405/215808.575:ERROR:process_reader_win.cc(151)] SuspendThread: Access is denied. (0x5)
[0405/215808.575:ERROR:process_reader_win.cc(151)] SuspendThread: Access is denied. (0x5)
[0405/215808.575:ERROR:process_reader_win.cc(151)] SuspendThread: Access is denied. (0x5)
[0405/215808.575:ERROR:process_reader_win.cc(151)] SuspendThread: Access is denied. (0x5)
[0405/215808.575:ERROR:process_reader_win.cc(123)] NtOpenThread: {Access Denied} A process has requested access to an object, but has not been granted those access rights. (0xc0000022)
[0405/215808.575:ERROR:exception_snapshot_win.cc(98)] thread ID 5148 not found in process
[0405/215809.153:ERROR:process_reader_win.cc(151)] SuspendThread: Access is denied. (0x5)
[0405/215809.153:ERROR:process_reader_win.cc(151)] SuspendThread: Access is denied. (0x5)
[0405/215809.153:ERROR:process_reader_win.cc(151)] SuspendThread: Access is denied. (0x5)
[0405/215809.169:ERROR:process_reader_win.cc(151)] SuspendThread: Access is denied. (0x5)
[0405/215809.169:ERROR:process_reader_win.cc(151)] SuspendThread: Access is denied. (0x5)
[0405/215809.169:ERROR:process_reader_win.cc(151)] SuspendThread: Access is denied. (0x5)
[0405/215809.169:ERROR:process_reader_win.cc(151)] SuspendThread: Access is denied. (0x5)
[0405/215809.169:ERROR:process_reader_win.cc(151)] SuspendThread: Access is denied. (0x5)
[0405/215809.169:ERROR:process_reader_win.cc(151)] SuspendThread: Access is denied. (0x5)
[0405/215809.169:ERROR:process_reader_win.cc(151)] SuspendThread: Access is denied. (0x5)
[0405/215809.169:ERROR:process_reader_win.cc(123)] NtOpenThread: {Access Denied} A process has requested access to an object, but has not been granted those access rights. (0xc0000022)
[0405/215809.169:ERROR:exception_snapshot_win.cc(98)] thread ID 5224 not found in process
[0410/164216.128:ERROR:process_info.cc(329)] VirtualQueryEx: Access is denied. (0x5)
[0410/164216.128:ERROR:scoped_process_suspend.cc(31)] NtSuspendProcess: An attempt was made to access an exiting process. (0xc000010a)
[0410/164216.988:ERROR:process_info.cc(556)] ReadMemoryInfo failed
[0410/164216.988:ERROR:process_info.cc(118)] ReadProcessMemory bool __cdecl crashpad::(anonymous namespace)::ReadStruct(HANDLE, crashpad::WinVMAddress, T *) [T = crashpad::process_types::PEB<crashpad::process_types::internal::Traits64>]: Only part of a ReadProcessMemory or WriteProcessMemory request was completed. (0x12B)
[0410/164216.988:ERROR:process_info.cc(551)] ReadProcessData failed
[0410/164217.050:ERROR:scoped_process_suspend.cc(40)] NtResumeProcess: An attempt was made to access an exiting process. (0xc000010a)
